<?xml version="1.0" encoding="UTF-8"?>
<testsuite xmlns:xsi="http://www.w3.org/2001/XMLSchema-instance" xsi:noNamespaceSchemaLocation="https://maven.apache.org/surefire/maven-surefire-plugin/xsd/surefire-test-report.xsd" name="com.qyd.learn.show.AppTest" time="0.613" tests="1" errors="1" skipped="0" failures="0">
  <properties>
    <property name="sun.desktop" value="windows"/>
    <property name="awt.toolkit" value="sun.awt.windows.WToolkit"/>
    <property name="file.encoding.pkg" value="sun.io"/>
    <property name="java.specification.version" value="1.8"/>
    <property name="sun.cpu.isalist" value="pentium_pro+mmx pentium_pro pentium+mmx pentium i486 i386 i86"/>
    <property name="sun.jnu.encoding" value="GBK"/>
    <property name="java.class.path" value="E:\git\show-my-code\code\show-me-common\target\test-classes;E:\git\show-my-code\code\show-me-common\target\classes;F:\localCode\junit\junit\4.11\junit-4.11.jar;F:\localCode\org\hamcrest\hamcrest-core\1.3\hamcrest-core-1.3.jar;F:\localCode\mysql\mysql-connector-java\5.1.47\mysql-connector-java-5.1.47.jar;F:\localCode\org\javassist\javassist\3.25.0-GA\javassist-3.25.0-GA.jar;F:\localCode\com\google\guava\guava\25.1-jre\guava-25.1-jre.jar;F:\localCode\com\google\code\findbugs\jsr305\3.0.2\jsr305-3.0.2.jar;F:\localCode\org\checkerframework\checker-qual\2.0.0\checker-qual-2.0.0.jar;F:\localCode\com\google\errorprone\error_prone_annotations\2.1.3\error_prone_annotations-2.1.3.jar;F:\localCode\com\google\j2objc\j2objc-annotations\1.1\j2objc-annotations-1.1.jar;F:\localCode\org\codehaus\mojo\animal-sniffer-annotations\1.14\animal-sniffer-annotations-1.14.jar;"/>
    <property name="java.vm.vendor" value="Oracle Corporation"/>
    <property name="sun.arch.data.model" value="32"/>
    <property name="user.variant" value=""/>
    <property name="java.vendor.url" value="http://java.oracle.com/"/>
    <property name="user.timezone" value="Asia/Shanghai"/>
    <property name="java.vm.specification.version" value="1.8"/>
    <property name="os.name" value="Windows 8.1"/>
    <property name="user.country" value="CN"/>
    <property name="sun.java.launcher" value="SUN_STANDARD"/>
    <property name="sun.boot.library.path" value="E:\Program Files (x86)\Java\jdk1.8.0_40\jre\bin"/>
    <property name="sun.java.command" value="C:\Users\QIUYAD~1\AppData\Local\Temp\surefire1000344467669568650\surefirebooter8848872774570708287.jar C:\Users\QiuYaDong\AppData\Local\Temp\surefire1000344467669568650 2019-08-03T18-41-57_722-jvmRun1 surefire1942260974846062131tmp surefire_07525243471792088506tmp"/>
    <property name="surefire.test.class.path" value="E:\git\show-my-code\code\show-me-common\target\test-classes;E:\git\show-my-code\code\show-me-common\target\classes;F:\localCode\junit\junit\4.11\junit-4.11.jar;F:\localCode\org\hamcrest\hamcrest-core\1.3\hamcrest-core-1.3.jar;F:\localCode\mysql\mysql-connector-java\5.1.47\mysql-connector-java-5.1.47.jar;F:\localCode\org\javassist\javassist\3.25.0-GA\javassist-3.25.0-GA.jar;F:\localCode\com\google\guava\guava\25.1-jre\guava-25.1-jre.jar;F:\localCode\com\google\code\findbugs\jsr305\3.0.2\jsr305-3.0.2.jar;F:\localCode\org\checkerframework\checker-qual\2.0.0\checker-qual-2.0.0.jar;F:\localCode\com\google\errorprone\error_prone_annotations\2.1.3\error_prone_annotations-2.1.3.jar;F:\localCode\com\google\j2objc\j2objc-annotations\1.1\j2objc-annotations-1.1.jar;F:\localCode\org\codehaus\mojo\animal-sniffer-annotations\1.14\animal-sniffer-annotations-1.14.jar;"/>
    <property name="sun.cpu.endian" value="little"/>
    <property name="user.home" value="C:\Users\QiuYaDong"/>
    <property name="user.language" value="zh"/>
    <property name="java.specification.vendor" value="Oracle Corporation"/>
    <property name="java.home" value="E:\Program Files (x86)\Java\jdk1.8.0_40\jre"/>
    <property name="basedir" value="E:\git\show-my-code\code\show-me-common"/>
    <property name="file.separator" value="\"/>
    <property name="line.separator" value="&#10;"/>
    <property name="java.vm.specification.vendor" value="Oracle Corporation"/>
    <property name="java.specification.name" value="Java Platform API Specification"/>
    <property name="java.awt.graphicsenv" value="sun.awt.Win32GraphicsEnvironment"/>
    <property name="surefire.real.class.path" value="C:\Users\QIUYAD~1\AppData\Local\Temp\surefire1000344467669568650\surefirebooter8848872774570708287.jar"/>
    <property name="sun.boot.class.path" value="E:\Program Files (x86)\Java\jdk1.8.0_40\jre\lib\resources.jar;E:\Program Files (x86)\Java\jdk1.8.0_40\jre\lib\rt.jar;E:\Program Files (x86)\Java\jdk1.8.0_40\jre\lib\sunrsasign.jar;E:\Program Files (x86)\Java\jdk1.8.0_40\jre\lib\jsse.jar;E:\Program Files (x86)\Java\jdk1.8.0_40\jre\lib\jce.jar;E:\Program Files (x86)\Java\jdk1.8.0_40\jre\lib\charsets.jar;E:\Program Files (x86)\Java\jdk1.8.0_40\jre\lib\jfr.jar;E:\Program Files (x86)\Java\jdk1.8.0_40\jre\classes"/>
    <property name="user.script" value=""/>
    <property name="sun.management.compiler" value="HotSpot Client Compiler"/>
    <property name="java.runtime.version" value="1.8.0_40-ea-b23"/>
    <property name="user.name" value="QiuYaDong"/>
    <property name="path.separator" value=";"/>
    <property name="os.version" value="6.3"/>
    <property name="java.endorsed.dirs" value="E:\Program Files (x86)\Java\jdk1.8.0_40\jre\lib\endorsed"/>
    <property name="java.runtime.name" value="Java(TM) SE Runtime Environment"/>
    <property name="file.encoding" value="GBK"/>
    <property name="java.vm.name" value="Java HotSpot(TM) Client VM"/>
    <property name="localRepository" value="F:\localCode"/>
    <property name="java.vendor.url.bug" value="http://bugreport.sun.com/bugreport/"/>
    <property name="java.io.tmpdir" value="C:\Users\QIUYAD~1\AppData\Local\Temp\"/>
    <property name="idea.version" value="2018.2.2"/>
    <property name="java.version" value="1.8.0_40-ea"/>
    <property name="user.dir" value="E:\git\show-my-code\code\show-me-common"/>
    <property name="os.arch" value="x86"/>
    <property name="java.vm.specification.name" value="Java Virtual Machine Specification"/>
    <property name="java.awt.printerjob" value="sun.awt.windows.WPrinterJob"/>
    <property name="sun.os.patch.level" value=""/>
    <property name="java.library.path" value="E:\Program Files (x86)\Java\jdk1.8.0_40\jre\bin;C:\WINDOWS\Sun\Java\bin;C:\WINDOWS\system32;C:\WINDOWS;E:\Program Files\;E:\Program Files (x86)\;C:\Windows\system32;C:\Windows;C:\Windows\System32\Wbem;C:\Windows\System32\WindowsPowerShell\v1.0\;C:\Program Files (x86)\NVIDIA Corporation\PhysX\Common;C:\Program Files (x86)\Java\jdk1.8.0_40\bin;E:\JavaSoftware\tools\apache-maven-3.2.5\bin;C:\WINDOWS\system32;C:\WINDOWS;C:\WINDOWS\System32\Wbem;C:\WINDOWS\System32\WindowsPowerShell\v1.0\;C:\WINDOWS\System32\OpenSSH\;E:\Program Files\Git\cmd;D:\Program Files\nodejs\;E:\Program Files\gradle-5.1-rc-1\bin;C:\Program Files\NVIDIA Corporation\NVIDIA NvDLISR;E:\Program Files (x86)\apache-ant-1.9.14\bin;E:\Program Files (x86)\Java\jdk1.8.0_40\bin;C:\Users\QiuYaDong\AppData\Local\Microsoft\WindowsApps;C:\Users\QiuYaDong\AppData\Roaming\npm;C:\Users\QiuYaDong\AppData\Local\atom\bin;."/>
    <property name="java.vm.info" value="mixed mode"/>
    <property name="java.vendor" value="Oracle Corporation"/>
    <property name="java.vm.version" value="25.40-b25"/>
    <property name="java.ext.dirs" value="E:\Program Files (x86)\Java\jdk1.8.0_40\jre\lib\ext;C:\WINDOWS\Sun\Java\lib\ext"/>
    <property name="sun.io.unicode.encoding" value="UnicodeLittle"/>
    <property name="java.class.version" value="52.0"/>
  </properties>
  <testcase name="shouldAnswerWithTrue" classname="com.qyd.learn.show.AppTest" time="0.572">
    <error message="Unknown database &apos;test&apos;" type="com.mysql.jdbc.exceptions.jdbc4.MySQLSyntaxErrorException">com.mysql.jdbc.exceptions.jdbc4.MySQLSyntaxErrorException: Unknown database 'test'
	at com.qyd.learn.show.AppTest.shouldAnswerWithTrue(AppTest.java:28)
</error>
    <system-err><![CDATA[Sat Aug 03 18:42:00 CST 2019 WARN: Establishing SSL connection without server's identity verification is not recommended. According to MySQL 5.5.45+, 5.6.26+ and 5.7.6+ requirements SSL connection must be established by default if explicit option isn't set. For compliance with existing applications not using SSL the verifyServerCertificate property is set to 'false'. You need either to explicitly disable SSL by setting useSSL=false, or set useSSL=true and provide truststore for server certificate verification.
]]></system-err>
  </testcase>
</testsuite>